<?xml version="1.0" encoding="UTF-8"?>
<!-- Generated by org.testng.reporters.JUnitXMLReporter -->
<testsuite ignored="0" hostname="DESKTOP-QAUNN0B" failures="3" tests="3" name="Default test" time="0.722" errors="0" timestamp="2023-10-01T20:03:17 PKT">
  <testcase classname="io.cucumber.testng.AbstractTestNGCucumberTests" name="runScenario" time="0.113">
    <failure type="java.lang.Error" message="Unresolved compilation problem: 
	The method attach(byte[], String, String) in the type Scenario is not applicable for the arguments (byte[], String, Collection&amp;lt;String&amp;gt;)
">
      <![CDATA[java.lang.Error: Unresolved compilation problem: 
The method attach(byte[], String, String) in the type Scenario is not applicable for the arguments (byte[], String, Collection<String>)

at hooks.MyHooks.beforeScenario(MyHooks.java:26)
]]>
    </failure>
  </testcase> <!-- runScenario -->
  <testcase classname="io.cucumber.testng.AbstractTestNGCucumberTests" name="runScenario" time="0.022">
    <failure type="java.lang.Error" message="Unresolved compilation problem: 
	The method attach(byte[], String, String) in the type Scenario is not applicable for the arguments (byte[], String, Collection&amp;lt;String&amp;gt;)
">
      <![CDATA[java.lang.Error: Unresolved compilation problem: 
The method attach(byte[], String, String) in the type Scenario is not applicable for the arguments (byte[], String, Collection<String>)

at hooks.MyHooks.beforeScenario(MyHooks.java:26)
]]>
    </failure>
  </testcase> <!-- runScenario -->
  <testcase classname="io.cucumber.testng.AbstractTestNGCucumberTests" name="runScenario" time="0.017">
    <failure type="java.lang.Error" message="Unresolved compilation problem: 
	The method attach(byte[], String, String) in the type Scenario is not applicable for the arguments (byte[], String, Collection&amp;lt;String&amp;gt;)
">
      <![CDATA[java.lang.Error: Unresolved compilation problem: 
The method attach(byte[], String, String) in the type Scenario is not applicable for the arguments (byte[], String, Collection<String>)

at hooks.MyHooks.beforeScenario(MyHooks.java:26)
]]>
    </failure>
  </testcase> <!-- runScenario -->
</testsuite> <!-- Default test -->
