<?xml version="1.0" encoding="UTF-8"?>
<testng-results ignored="0" total="3" passed="0" failed="3" skipped="0">
  <reporter-output>
  </reporter-output>
  <suite started-at="2023-10-01T20:03:16 PKT" name="Default suite" finished-at="2023-10-01T20:03:16 PKT" duration-ms="722">
    <groups>
      <group name="cucumber">
        <method signature="AbstractTestNGCucumberTests.runScenario(io.cucumber.testng.PickleWrapper,io.cucumber.testng.FeatureWrapper)[pri:0, instance:testRunner.LoginPage@7c7b252e]" name="runScenario" class="io.cucumber.testng.AbstractTestNGCucumberTests"/>
      </group> <!-- cucumber -->
    </groups>
    <test started-at="2023-10-01T20:03:16 PKT" name="Default test" finished-at="2023-10-01T20:03:16 PKT" duration-ms="722">
      <class name="testRunner.LoginPage">
        <test-method is-config="true" signature="setUpClass(org.testng.ITestContext)[pri:0, instance:testRunner.LoginPage@7c7b252e]" started-at="2023-10-01T20:03:16 PKT" name="setUpClass" finished-at="2023-10-01T20:03:16 PKT" duration-ms="494" status="PASS">
          <params>
            <param index="0">
              <value>
                <![CDATA[org.testng.TestRunner@2e185cd7]]>
              </value>
            </param>
          </params>
          <reporter-output>
          </reporter-output>
        </test-method> <!-- setUpClass -->
        <test-method signature="runScenario(io.cucumber.testng.PickleWrapper,io.cucumber.testng.FeatureWrapper)[pri:0, instance:testRunner.LoginPage@7c7b252e]" started-at="2023-10-01T20:03:16 PKT" name="runScenario" description="Runs Cucumber Scenarios" data-provider="scenarios" finished-at="2023-10-01T20:03:16 PKT" duration-ms="113" status="FAIL">
          <params>
            <param index="0">
              <value>
                <![CDATA[": Products Sorting"]]>
              </value>
            </param>
            <param index="1">
              <value>
                <![CDATA["Saucedemo Test Products Add To Cart"]]>
              </value>
            </param>
          </params>
          <exception class="java.lang.Error">
            <message>
              <![CDATA[Unresolved compilation problem: 
The method attach(byte[], String, String) in the type Scenario is not applicable for the arguments (byte[], String, Collection<String>)
]]>
            </message>
            <full-stacktrace>
              <![CDATA[java.lang.Error: Unresolved compilation problem: 
The method attach(byte[], String, String) in the type Scenario is not applicable for the arguments (byte[], String, Collection<String>)

at hooks.MyHooks.beforeScenario(MyHooks.java:26)
]]>
            </full-stacktrace>
          </exception> <!-- java.lang.Error -->
          <reporter-output>
          </reporter-output>
        </test-method> <!-- runScenario -->
        <test-method signature="runScenario(io.cucumber.testng.PickleWrapper,io.cucumber.testng.FeatureWrapper)[pri:0, instance:testRunner.LoginPage@7c7b252e]" started-at="2023-10-01T20:03:16 PKT" name="runScenario" description="Runs Cucumber Scenarios" data-provider="scenarios" finished-at="2023-10-01T20:03:16 PKT" duration-ms="22" status="FAIL">
          <params>
            <param index="0">
              <value>
                <![CDATA["Login should be Not Success"]]>
              </value>
            </param>
            <param index="1">
              <value>
                <![CDATA["Saucedemo Test"]]>
              </value>
            </param>
          </params>
          <exception class="java.lang.Error">
            <message>
              <![CDATA[Unresolved compilation problem: 
The method attach(byte[], String, String) in the type Scenario is not applicable for the arguments (byte[], String, Collection<String>)
]]>
            </message>
            <full-stacktrace>
              <![CDATA[java.lang.Error: Unresolved compilation problem: 
The method attach(byte[], String, String) in the type Scenario is not applicable for the arguments (byte[], String, Collection<String>)

at hooks.MyHooks.beforeScenario(MyHooks.java:26)
]]>
            </full-stacktrace>
          </exception> <!-- java.lang.Error -->
          <reporter-output>
          </reporter-output>
        </test-method> <!-- runScenario -->
        <test-method signature="runScenario(io.cucumber.testng.PickleWrapper,io.cucumber.testng.FeatureWrapper)[pri:0, instance:testRunner.LoginPage@7c7b252e]" started-at="2023-10-01T20:03:16 PKT" name="runScenario" description="Runs Cucumber Scenarios" data-provider="scenarios" finished-at="2023-10-01T20:03:16 PKT" duration-ms="17" status="FAIL">
          <params>
            <param index="0">
              <value>
                <![CDATA["Login should be Success"]]>
              </value>
            </param>
            <param index="1">
              <value>
                <![CDATA["Saucedemo Test"]]>
              </value>
            </param>
          </params>
          <exception class="java.lang.Error">
            <message>
              <![CDATA[Unresolved compilation problem: 
The method attach(byte[], String, String) in the type Scenario is not applicable for the arguments (byte[], String, Collection<String>)
]]>
            </message>
            <full-stacktrace>
              <![CDATA[java.lang.Error: Unresolved compilation problem: 
The method attach(byte[], String, String) in the type Scenario is not applicable for the arguments (byte[], String, Collection<String>)

at hooks.MyHooks.beforeScenario(MyHooks.java:26)
]]>
            </full-stacktrace>
          </exception> <!-- java.lang.Error -->
          <reporter-output>
          </reporter-output>
        </test-method> <!-- runScenario -->
        <test-method is-config="true" signature="tearDownClass()[pri:0, instance:testRunner.LoginPage@7c7b252e]" started-at="2023-10-01T20:03:16 PKT" name="tearDownClass" finished-at="2023-10-01T20:03:16 PKT" duration-ms="26" status="PASS">
          <reporter-output>
          </reporter-output>
        </test-method> <!-- tearDownClass -->
      </class> <!-- testRunner.LoginPage -->
    </test> <!-- Default test -->
  </suite> <!-- Default suite -->
</testng-results>
